七月 13, 2017 3:18:10 下午 org.apache.catalina.core.ApplicationContext log
信息: ContextListener: contextInitialized()
七月 13, 2017 3:18:10 下午 org.apache.catalina.core.ApplicationContext log
信息: SessionListener: contextInitialized()
七月 13, 2017 3:18:10 下午 org.apache.catalina.core.ApplicationContext log
信息: ContextListener: attributeAdded('org.apache.jasper.compiler.TldLocationsCache', 'org.apache.jasper.compiler.TldLocationsCache@1c4b3f3')
七月 13, 2017 3:18:10 下午 org.apache.catalina.core.ApplicationContext log
信息: SessionListener: contextDestroyed()
七月 13, 2017 3:18:10 下午 org.apache.catalina.core.ApplicationContext log
信息: ContextListener: contextDestroyed()
七月 13, 2017 3:18:18 下午 org.apache.catalina.core.ApplicationContext log
信息: ContextListener: contextInitialized()
七月 13, 2017 3:18:18 下午 org.apache.catalina.core.ApplicationContext log
信息: SessionListener: contextInitialized()
七月 13, 2017 3:18:18 下午 org.apache.catalina.core.ApplicationContext log
信息: ContextListener: attributeAdded('org.apache.jasper.compiler.TldLocationsCache', 'org.apache.jasper.compiler.TldLocationsCache@1c4b3f3')
七月 13, 2017 3:18:18 下午 org.apache.catalina.core.ApplicationContext log
信息: SessionListener: contextDestroyed()
七月 13, 2017 3:18:18 下午 org.apache.catalina.core.ApplicationContext log
信息: ContextListener: contextDestroyed()
